2025-06-17 18:25:09,883 - INFO - main - Received new order: 685165ada44320e5acc18eaa for URL: https://www.reddit.com/r/indiasocial/comments/1ldgwzd/couple_goals_wife_and_i/
2025-06-17 18:25:09,885 - INFO - main - Order 685165ada44320e5acc18eaa started successfully
2025-06-17 18:32:16,183 - INFO - main - Received new order: 68516758a44320e5acc18ee9 for URL: https://www.reddit.com/r/indiasocial/comments/1ldgwzd/couple_goals_wife_and_i/
2025-06-17 18:32:16,184 - INFO - main - Order 68516758a44320e5acc18ee9 started successfully
2025-06-17 18:35:08,130 - INFO - main - Received new order: 68516804a44320e5acc18f28 for URL: https://www.reddit.com/r/worldnews/comments/1la27h6/israel_launches_preemptive_strike_against_iran/
2025-06-17 18:35:08,131 - INFO - main - Order 68516804a44320e5acc18f28 started successfully
2025-06-17 18:37:12,794 - INFO - main - Received new order: 68516880a44320e5acc18f48 for URL: https://www.reddit.com/r/worldnews/comments/1la27h6/israel_launches_preemptive_strike_against_iran/
2025-06-17 18:37:12,796 - INFO - main - Order 68516880a44320e5acc18f48 started successfully
2025-06-17 19:05:42,384 - INFO - order_history - Created new order history file: order_history.json
2025-06-17 19:06:10,102 - INFO - script - Completed restart recovery process
2025-06-17 19:06:17,229 - INFO - script - Completed restart recovery process
2025-06-17 19:06:25,264 - INFO - script - Completed restart recovery process
2025-06-17 19:06:39,056 - INFO - script - Completed restart recovery process
2025-06-17 19:06:48,518 - INFO - script - Completed restart recovery process
2025-06-17 19:07:04,454 - INFO - script - Completed restart recovery process
2025-06-17 19:08:06,495 - INFO - script - Completed restart recovery process
2025-06-17 19:08:06,499 - INFO - main - Bot backend starting up...
2025-06-17 19:08:06,499 - INFO - main - Bot backend startup completed
2025-06-17 19:08:26,200 - INFO - script - Completed restart recovery process
2025-06-17 19:08:26,205 - INFO - main - Bot backend starting up...
2025-06-17 19:08:26,205 - INFO - main - Bot backend startup completed
2025-06-17 19:09:12,830 - INFO - script - Completed restart recovery process
2025-06-17 19:09:12,834 - INFO - main - Bot backend starting up...
2025-06-17 19:09:12,834 - INFO - main - Bot backend startup completed
2025-06-17 19:09:57,087 - INFO - script - Completed restart recovery process
2025-06-17 19:09:57,088 - INFO - script - Completed restart recovery process
2025-06-17 19:09:57,092 - INFO - main - Bot backend starting up...
2025-06-17 19:09:57,092 - INFO - main - Bot backend startup completed
2025-06-17 19:10:15,393 - INFO - script - Completed restart recovery process
2025-06-17 19:10:15,397 - INFO - main - Bot backend starting up...
2025-06-17 19:10:15,397 - INFO - main - Bot backend startup completed
2025-06-17 19:11:28,409 - INFO - script - Completed restart recovery process
2025-06-17 19:11:28,504 - INFO - __main__ - Bot backend starting up...
2025-06-17 19:11:28,504 - INFO - __main__ - Bot backend startup completed
2025-06-17 19:15:43,283 - INFO - __main__ - Received new order: test_123 for URL: https://reddit.com/r/test/comments/123/test
2025-06-17 19:15:43,285 - INFO - order_history - Added order test_123 to history
2025-06-17 19:15:43,285 - INFO - __main__ - Order test_123 started successfully
2025-06-17 19:20:26,951 - INFO - script - Completed restart recovery process
2025-06-17 19:20:27,002 - INFO - __main__ - Bot backend starting up...
2025-06-17 19:20:27,002 - INFO - __main__ - Bot backend startup completed
2025-06-17 19:20:34,517 - INFO - script - Completed restart recovery process
2025-06-17 19:20:34,522 - INFO - main - Bot backend starting up...
2025-06-17 19:20:34,522 - INFO - main - Bot backend startup completed
2025-06-17 19:40:06,963 - INFO - script - Completed restart recovery process
2025-06-17 19:40:06,969 - INFO - main - Bot backend starting up...
2025-06-17 19:40:06,969 - INFO - main - Bot backend startup completed
2025-06-17 19:40:54,637 - INFO - script - Completed restart recovery process
2025-06-17 19:40:54,642 - INFO - main - Bot backend starting up...
2025-06-17 19:40:54,642 - INFO - main - Bot backend startup completed
2025-06-17 19:40:55,877 - INFO - script - Completed restart recovery process
2025-06-17 19:40:55,882 - INFO - main - Bot backend starting up...
2025-06-17 19:40:55,882 - INFO - main - Bot backend startup completed
2025-06-17 19:46:14,613 - INFO - script - Completed restart recovery process
2025-06-17 19:46:14,618 - INFO - main - Bot backend starting up...
2025-06-17 19:46:14,618 - INFO - main - Bot backend startup completed
2025-06-17 19:46:22,070 - INFO - script - Completed restart recovery process
2025-06-17 19:46:22,074 - INFO - main - Bot backend starting up...
2025-06-17 19:46:22,074 - INFO - main - Bot backend startup completed
2025-06-17 19:46:29,000 - INFO - script - Completed restart recovery process
2025-06-17 19:46:29,004 - INFO - main - Bot backend starting up...
2025-06-17 19:46:29,005 - INFO - main - Bot backend startup completed
2025-06-17 19:46:38,252 - INFO - script - Completed restart recovery process
2025-06-17 19:46:38,257 - INFO - main - Bot backend starting up...
2025-06-17 19:46:38,257 - INFO - main - Bot backend startup completed
2025-06-17 19:46:45,375 - INFO - script - Completed restart recovery process
2025-06-17 19:46:45,379 - INFO - main - Bot backend starting up...
2025-06-17 19:46:45,380 - INFO - main - Bot backend startup completed
2025-06-17 19:51:35,899 - INFO - script - Completed restart recovery process
2025-06-17 19:51:35,904 - INFO - main - Bot backend starting up...
2025-06-17 19:51:35,904 - INFO - main - Bot backend startup completed
2025-06-17 20:09:46,961 - INFO - script - Completed restart recovery process
2025-06-17 20:09:46,966 - INFO - main - Bot backend starting up...
2025-06-17 20:09:46,966 - INFO - main - Bot backend startup completed
2025-06-17 20:09:59,455 - INFO - script - Completed restart recovery process
2025-06-17 20:09:59,460 - INFO - main - Bot backend starting up...
2025-06-17 20:09:59,460 - INFO - main - Bot backend startup completed
2025-06-17 20:10:16,985 - INFO - script - Completed restart recovery process
2025-06-17 20:10:16,990 - INFO - main - Bot backend starting up...
2025-06-17 20:10:16,990 - INFO - main - Bot backend startup completed
2025-06-17 20:10:43,352 - INFO - script - Completed restart recovery process
2025-06-17 20:10:43,358 - INFO - main - Bot backend starting up...
2025-06-17 20:10:43,358 - INFO - main - Bot backend startup completed
2025-06-17 20:13:19,931 - INFO - script - Completed restart recovery process
2025-06-17 20:13:19,938 - INFO - main - Bot backend starting up...
2025-06-17 20:13:19,938 - INFO - main - Bot backend startup completed
2025-06-17 20:54:27,272 - INFO - main - Received new order: 685188abaee359383849d579 for URL: https://www.reddit.com/r/worldnews/comments/1la27h6/israel_launches_preemptive_strike_against_iran/
2025-06-17 20:54:27,300 - INFO - httpx - HTTP Request: GET http://localhost:8000/api/admin/settings "HTTP/1.1 403 Forbidden"
2025-06-17 20:54:27,301 - INFO - main - Using default system limits: {'min_upvotes': 1, 'max_upvotes': 1000, 'min_upvotes_per_minute': 1, 'max_upvotes_per_minute': 60}
2025-06-17 20:54:27,302 - INFO - order_history - Added order 685188abaee359383849d579 to history
2025-06-17 21:00:10,834 - INFO - main - Received new order: 68518a02aee359383849d599 for URL: https://www.reddit.com/r/worldnews/comments/1la27h6/israel_launches_preemptive_strike_against_iran/
2025-06-17 21:00:10,846 - INFO - httpx - HTTP Request: GET http://localhost:8000/api/admin/settings "HTTP/1.1 403 Forbidden"
2025-06-17 21:00:10,846 - INFO - main - Using default system limits: {'min_upvotes': 1, 'max_upvotes': 1000, 'min_upvotes_per_minute': 1, 'max_upvotes_per_minute': 60}
2025-06-17 21:00:10,847 - INFO - order_history - Added order 68518a02aee359383849d599 to history
2025-06-17 21:02:28,324 - INFO - order_history - Marked order 685188abaee359383849d579 as failed due to restart
2025-06-17 21:02:28,324 - WARNING - script - Marked order 685188abaee359383849d579 as failed due to restart (was running)
2025-06-17 21:02:28,325 - INFO - order_history - Marked order 68518a02aee359383849d599 as failed due to restart
2025-06-17 21:02:28,325 - WARNING - script - Marked order 68518a02aee359383849d599 as failed due to restart (was running)
2025-06-17 21:02:28,325 - INFO - script - Completed restart recovery process
2025-06-17 21:02:28,330 - INFO - main - Bot backend starting up...
2025-06-17 21:02:28,330 - INFO - main - Bot backend startup completed
2025-06-17 21:10:15,932 - INFO - script - Completed restart recovery process
2025-06-17 21:10:15,937 - INFO - main - Bot backend starting up...
2025-06-17 21:10:15,937 - INFO - main - Bot backend startup completed
2025-06-17 21:13:29,193 - INFO - main - Received new order: 68518d21d88997112e4f2bf6 for URL: https://www.reddit.com/r/worldnews/comments/1la27h6/israel_launches_preemptive_strike_against_iran/
2025-06-17 21:13:29,239 - INFO - httpx - HTTP Request: GET http://localhost:8000/api/orders/internal/limits "HTTP/1.1 200 OK"
2025-06-17 21:13:29,240 - INFO - main - Fetched system limits: {'min_upvotes': 2, 'max_upvotes': 600, 'min_upvotes_per_minute': 1, 'max_upvotes_per_minute': 10}
2025-06-17 21:13:29,241 - INFO - order_history - Added order 68518d21d88997112e4f2bf6 to history
2025-06-17 21:18:30,854 - INFO - order_history - Marked order 68518d21d88997112e4f2bf6 as failed due to restart
2025-06-17 21:18:30,854 - WARNING - script - Marked order 68518d21d88997112e4f2bf6 as failed due to restart (was running)
2025-06-17 21:18:30,854 - INFO - script - Completed restart recovery process
2025-06-17 21:18:30,859 - INFO - main - Bot backend starting up...
2025-06-17 21:18:30,859 - INFO - main - Bot backend startup completed
2025-06-17 22:25:00,553 - INFO - order_history - Created new order history file: order_history.json
2025-06-17 22:25:00,554 - INFO - script - Completed restart recovery process
2025-06-17 22:25:00,559 - INFO - main - Bot backend starting up...
2025-06-17 22:25:00,559 - INFO - main - Bot backend startup completed
2025-06-17 22:25:08,059 - INFO - script - Completed restart recovery process
2025-06-17 22:25:08,065 - INFO - main - Bot backend starting up...
2025-06-17 22:25:08,065 - INFO - main - Bot backend startup completed
2025-06-17 22:25:56,928 - INFO - script - Completed restart recovery process
2025-06-17 22:25:56,934 - INFO - main - Bot backend starting up...
2025-06-17 22:25:56,934 - INFO - main - Bot backend startup completed
2025-06-17 22:26:09,414 - INFO - script - Completed restart recovery process
2025-06-17 22:26:09,419 - INFO - main - Bot backend starting up...
2025-06-17 22:26:09,420 - INFO - main - Bot backend startup completed
2025-06-17 22:30:31,181 - INFO - script - Completed restart recovery process
2025-06-17 22:30:31,186 - INFO - main - Bot backend starting up...
2025-06-17 22:30:31,186 - INFO - main - Bot backend startup completed
2025-06-17 22:31:27,540 - INFO - script - Completed restart recovery process
2025-06-17 22:31:27,545 - INFO - main - Bot backend starting up...
2025-06-17 22:31:27,545 - INFO - main - Bot backend startup completed
2025-06-17 22:32:48,306 - INFO - script - Completed restart recovery process
2025-06-17 22:32:48,311 - INFO - main - Bot backend starting up...
2025-06-17 22:32:48,312 - INFO - main - Bot backend startup completed
2025-06-17 22:33:23,653 - INFO - script - Completed restart recovery process
2025-06-17 22:33:23,658 - INFO - main - Bot backend starting up...
2025-06-17 22:33:23,658 - INFO - main - Bot backend startup completed
2025-06-17 22:33:41,185 - INFO - script - Completed restart recovery process
2025-06-17 22:33:41,190 - INFO - main - Bot backend starting up...
2025-06-17 22:33:41,190 - INFO - main - Bot backend startup completed
2025-06-17 22:33:55,475 - INFO - script - Completed restart recovery process
2025-06-17 22:33:55,480 - INFO - main - Bot backend starting up...
2025-06-17 22:33:55,480 - INFO - main - Bot backend startup completed
2025-06-17 22:34:02,343 - INFO - script - Completed restart recovery process
2025-06-17 22:34:02,348 - INFO - main - Bot backend starting up...
2025-06-17 22:34:02,348 - INFO - main - Bot backend startup completed
2025-06-17 22:34:30,594 - INFO - script - Completed restart recovery process
2025-06-17 22:34:30,599 - INFO - main - Bot backend starting up...
2025-06-17 22:34:30,599 - INFO - main - Bot backend startup completed
2025-06-17 22:36:13,533 - INFO - main - Received new order: 6851a085e1450db95946bbe8 for URL: https://www.reddit.com/r/tennis/comments/1ldggsl/katie_boulter_opening_up_on_online_abuse_linked/
2025-06-17 22:36:13,600 - INFO - httpx - HTTP Request: GET http://localhost:8000/api/orders/internal/limits "HTTP/1.1 200 OK"
2025-06-17 22:36:13,600 - INFO - main - Fetched system limits: {'min_upvotes': 1, 'max_upvotes': 600, 'min_upvotes_per_minute': 1, 'max_upvotes_per_minute': 10}
2025-06-17 22:36:13,601 - INFO - order_history - Added order 6851a085e1450db95946bbe8 to history
2025-06-17 22:36:13,602 - INFO - main - Order 6851a085e1450db95946bbe8 started successfully
2025-06-17 22:39:39,718 - INFO - order_history - Marked order 6851a085e1450db95946bbe8 as failed due to restart
2025-06-17 22:39:39,718 - WARNING - script - Marked order 6851a085e1450db95946bbe8 as failed due to restart (was running)
2025-06-17 22:39:39,718 - INFO - script - Completed restart recovery process
2025-06-17 22:39:39,724 - INFO - main - Bot backend starting up...
2025-06-17 22:39:39,724 - INFO - main - Bot backend startup completed
2025-06-17 22:54:43,739 - INFO - script - Completed restart recovery process
2025-06-17 22:54:43,744 - INFO - main - Bot backend starting up...
2025-06-17 22:54:43,744 - INFO - main - Bot backend startup completed
2025-06-17 22:56:21,651 - INFO - main - Received new order: 6851a53d346c6ef0030a8fb5 for URL: https://www.reddit.com/r/tennis/comments/1e77wod/katie_boulter_must_have_known_this_photoshoot_was/
2025-06-17 22:56:21,704 - INFO - httpx - HTTP Request: GET http://localhost:8000/api/orders/internal/limits "HTTP/1.1 200 OK"
2025-06-17 22:56:21,704 - INFO - main - Fetched system limits: {'min_upvotes': 1, 'max_upvotes': 600, 'min_upvotes_per_minute': 1, 'max_upvotes_per_minute': 10}
2025-06-17 22:56:21,705 - INFO - order_history - Added order 6851a53d346c6ef0030a8fb5 to history
2025-06-17 22:56:21,706 - INFO - main - Order 6851a53d346c6ef0030a8fb5 started successfully
2025-06-17 22:57:58,090 - INFO - order_history - Marked order 6851a53d346c6ef0030a8fb5 as failed due to restart
2025-06-17 22:57:58,090 - WARNING - script - Marked order 6851a53d346c6ef0030a8fb5 as failed due to restart (was running)
2025-06-17 22:57:58,090 - INFO - script - Completed restart recovery process
2025-06-17 22:57:58,095 - INFO - main - Bot backend starting up...
2025-06-17 22:57:58,095 - INFO - main - Bot backend startup completed
2025-06-17 22:59:43,845 - INFO - main - Received new order: 6851a607346c6ef0030a9032 for URL: https://www.reddit.com/r/worldnews/comments/1la27h6/israel_launches_preemptive_strike_against_iran/
2025-06-17 22:59:43,897 - INFO - httpx - HTTP Request: GET http://localhost:8000/api/orders/internal/limits "HTTP/1.1 200 OK"
2025-06-17 22:59:43,897 - INFO - main - Fetched system limits: {'min_upvotes': 1, 'max_upvotes': 600, 'min_upvotes_per_minute': 1, 'max_upvotes_per_minute': 10}
2025-06-17 22:59:43,898 - INFO - order_history - Added order 6851a607346c6ef0030a9032 to history
2025-06-17 22:59:43,899 - INFO - main - Order 6851a607346c6ef0030a9032 started successfully
2025-06-17 23:08:47,369 - INFO - script - Completed restart recovery process
2025-06-17 23:08:47,374 - INFO - main - Bot backend starting up...
2025-06-17 23:08:47,374 - INFO - main - Bot backend startup completed
2025-06-18 03:15:00,236 - INFO - script - Completed restart recovery process
2025-06-18 03:15:00,243 - INFO - main - Bot backend starting up...
2025-06-18 03:15:00,243 - INFO - main - Bot backend startup completed
2025-06-18 17:40:58,015 - INFO - script - Completed restart recovery process
2025-06-18 17:40:58,021 - INFO - main - Bot backend starting up...
2025-06-18 17:40:58,021 - INFO - main - Bot backend startup completed
2025-06-18 18:12:59,745 - INFO - script - Completed restart recovery process
2025-06-18 18:12:59,750 - INFO - main - Bot backend starting up...
2025-06-18 18:12:59,750 - INFO - main - Bot backend startup completed
2025-06-18 18:34:22,943 - INFO - main - Received new order: 6852b956b5b56f627b673b7d for URL: https://www.reddit.com/r/CarsIndia/comments/1leerdb/kerala_boys_mimic_tata_harrier_ev_ad_drive_alto/
2025-06-18 18:34:23,008 - INFO - httpx - HTTP Request: GET http://localhost:8000/api/orders/internal/limits "HTTP/1.1 200 OK"
2025-06-18 18:34:23,008 - INFO - main - Fetched system limits: {'min_upvotes': 1, 'max_upvotes': 600, 'min_upvotes_per_minute': 1, 'max_upvotes_per_minute': 10}
2025-06-18 18:34:23,009 - INFO - order_history - Added order 6852b956b5b56f627b673b7d to history
2025-06-18 18:34:23,010 - INFO - main - Order 6852b956b5b56f627b673b7d started successfully
